# JRE version: Java(TM) SE Runtime Environment (8.0_60-b27) (build 1.8.0_60-b27)
# Java VM: Java HotSpot(TM) 64-Bit Server VM (25.60-b23 mixed mode windows-amd64 compressed oops)
Heap:
 PSYoungGen      total 291328K, used 87172K [0x00000000eab00000, 0x00000000fdf80000, 0x0000000100000000)
  eden space 282112K, 27% used [0x00000000eab00000,0x00000000ef765c88,0x00000000fbe80000)
  from space 9216K, 97% used [0x00000000fc980000,0x00000000fd23b4e8,0x00000000fd280000)
  to   space 13312K, 0% used [0x00000000fd280000,0x00000000fd280000,0x00000000fdf80000)
 ParOldGen       total 97792K, used 35180K [0x00000000c0000000, 0x00000000c5f80000, 0x00000000eab00000)
  object space 97792K, 35% used [0x00000000c0000000,0x00000000c225b1b0,0x00000000c5f80000)
 Metaspace       used 64740K, capacity 69328K, committed 69376K, reserved 1110016K
  class space    used 8366K, capacity 8956K, committed 8960K, reserved 1048576K
GC Heap History (10 events):
Event: 3366.925 GC heap before
{Heap before GC invocations=37 (full 12):
 PSYoungGen      total 271360K, used 143404K [0x00000000eab00000, 0x00000000fee80000, 0x0000000100000000)
  eden space 251904K, 54% used [0x00000000eab00000,0x00000000f321b310,0x00000000fa100000)
  from space 19456K, 25% used [0x00000000fb380000,0x00000000fb870020,0x00000000fc680000)
  to   space 18944K, 0% used [0x00000000fa100000,0x00000000fa100000,0x00000000fb380000)
 ParOldGen       total 97792K, used 34360K [0x00000000c0000000, 0x00000000c5f80000, 0x00000000eab00000)
  object space 97792K, 35% used [0x00000000c0000000,0x00000000c218e3e0,0x00000000c5f80000)
 Metaspace       used 64152K, capacity 68456K, committed 68608K, reserved 1110016K
  class space    used 8321K, capacity 8869K, committed 8960K, reserved 1048576K
Event: 3366.931 GC heap after
Heap after GC invocations=37 (full 12):
 PSYoungGen      total 270848K, used 5541K [0x00000000eab00000, 0x00000000fec80000, 0x0000000100000000)
  eden space 251904K, 0% used [0x00000000eab00000,0x00000000eab00000,0x00000000fa100000)
  from space 18944K, 29% used [0x00000000fa100000,0x00000000fa6697e8,0x00000000fb380000)
  to   space 17920K, 0% used [0x00000000fdb00000,0x00000000fdb00000,0x00000000fec80000)
 ParOldGen       total 97792K, used 34368K [0x00000000c0000000, 0x00000000c5f80000, 0x00000000eab00000)
  object space 97792K, 35% used [0x00000000c0000000,0x00000000c21903e0,0x00000000c5f80000)
 Metaspace       used 64152K, capacity 68456K, committed 68608K, reserved 1110016K
  class space    used 8321K, capacity 8869K, committed 8960K, reserved 1048576K
}
Event: 3366.931 GC heap before
{Heap before GC invocations=38 (full 13):
 PSYoungGen      total 270848K, used 5541K [0x00000000eab00000, 0x00000000fec80000, 0x0000000100000000)
  eden space 251904K, 0% used [0x00000000eab00000,0x00000000eab00000,0x00000000fa100000)
  from space 18944K, 29% used [0x00000000fa100000,0x00000000fa6697e8,0x00000000fb380000)
  to   space 17920K, 0% used [0x00000000fdb00000,0x00000000fdb00000,0x00000000fec80000)
 ParOldGen       total 97792K, used 34368K [0x00000000c0000000, 0x00000000c5f80000, 0x00000000eab00000)
  object space 97792K, 35% used [0x00000000c0000000,0x00000000c21903e0,0x00000000c5f80000)
 Metaspace       used 64152K, capacity 68456K, committed 68608K, reserved 1110016K
  class space    used 8321K, capacity 8869K, committed 8960K, reserved 1048576K
Event: 3367.152 GC heap after
Heap after GC invocations=38 (full 13):
 PSYoungGen      total 270848K, used 0K [0x00000000eab00000, 0x00000000fec80000, 0x0000000100000000)
  eden space 251904K, 0% used [0x00000000eab00000,0x00000000eab00000,0x00000000fa100000)
  from space 18944K, 0% used [0x00000000fa100000,0x00000000fa100000,0x00000000fb380000)
  to   space 17920K, 0% used [0x00000000fdb00000,0x00000000fdb00000,0x00000000fec80000)
 ParOldGen       total 97792K, used 35169K [0x00000000c0000000, 0x00000000c5f80000, 0x00000000eab00000)
  object space 97792K, 35% used [0x00000000c0000000,0x00000000c2258440,0x00000000c5f80000)
 Metaspace       used 64047K, capacity 68104K, committed 68608K, reserved 1110016K
  class space    used 8289K, capacity 8837K, committed 8960K, reserved 1048576K
}
Event: 3742.403 GC heap before
{Heap before GC invocations=39 (full 13):
 PSYoungGen      total 270848K, used 124948K [0x00000000eab00000, 0x00000000fec80000, 0x0000000100000000)
  eden space 251904K, 49% used [0x00000000eab00000,0x00000000f2505370,0x00000000fa100000)
  from space 18944K, 0% used [0x00000000fa100000,0x00000000fa100000,0x00000000fb380000)
  to   space 17920K, 0% used [0x00000000fdb00000,0x00000000fdb00000,0x00000000fec80000)
 ParOldGen       total 97792K, used 35169K [0x00000000c0000000, 0x00000000c5f80000, 0x00000000eab00000)
  object space 97792K, 35% used [0x00000000c0000000,0x00000000c2258440,0x00000000c5f80000)
 Metaspace       used 64206K, capacity 68362K, committed 68608K, reserved 1110016K
  class space    used 8307K, capacity 8855K, committed 8960K, reserved 1048576K
Event: 3742.409 GC heap after
Heap after GC invocations=39 (full 13):
 PSYoungGen      total 310272K, used 4685K [0x00000000eab00000, 0x00000000feb80000, 0x0000000100000000)
  eden space 293376K, 0% used [0x00000000eab00000,0x00000000eab00000,0x00000000fc980000)
  from space 16896K, 27% used [0x00000000fdb00000,0x00000000fdf93618,0x00000000feb80000)
  to   space 17408K, 0% used [0x00000000fc980000,0x00000000fc980000,0x00000000fda80000)
 ParOldGen       total 97792K, used 35177K [0x00000000c0000000, 0x00000000c5f80000, 0x00000000eab00000)
  object space 97792K, 35% used [0x00000000c0000000,0x00000000c225a440,0x00000000c5f80000)
 Metaspace       used 64206K, capacity 68362K, committed 68608K, reserved 1110016K
  class space    used 8307K, capacity 8855K, committed 8960K, reserved 1048576K
}
Event: 3742.409 GC heap before
{Heap before GC invocations=40 (full 14):
 PSYoungGen      total 310272K, used 4685K [0x00000000eab00000, 0x00000000feb80000, 0x0000000100000000)
  eden space 293376K, 0% used [0x00000000eab00000,0x00000000eab00000,0x00000000fc980000)
  from space 16896K, 27% used [0x00000000fdb00000,0x00000000fdf93618,0x00000000feb80000)
  to   space 17408K, 0% used [0x00000000fc980000,0x00000000fc980000,0x00000000fda80000)
 ParOldGen       total 97792K, used 35177K [0x00000000c0000000, 0x00000000c5f80000, 0x00000000eab00000)
  object space 97792K, 35% used [0x00000000c0000000,0x00000000c225a440,0x00000000c5f80000)
 Metaspace       used 64206K, capacity 68362K, committed 68608K, reserved 1110016K
  class space    used 8307K, capacity 8855K, committed 8960K, reserved 1048576K
Event: 3742.487 GC heap after
Heap after GC invocations=40 (full 14):
 PSYoungGen      total 310272K, used 0K [0x00000000eab00000, 0x00000000feb80000, 0x0000000100000000)
  eden space 293376K, 0% used [0x00000000eab00000,0x00000000eab00000,0x00000000fc980000)
  from space 16896K, 0% used [0x00000000fdb00000,0x00000000fdb00000,0x00000000feb80000)
  to   space 17408K, 0% used [0x00000000fc980000,0x00000000fc980000,0x00000000fda80000)
 ParOldGen       total 97792K, used 35172K [0x00000000c0000000, 0x00000000c5f80000, 0x00000000eab00000)
  object space 97792K, 35% used [0x00000000c0000000,0x00000000c22591b0,0x00000000c5f80000)
 Metaspace       used 64163K, capacity 68192K, committed 68608K, reserved 1110016K
  class space    used 8297K, capacity 8845K, committed 8960K, reserved 1048576K
}
Event: 4432.754 GC heap before
{Heap before GC invocations=41 (full 14):
 PSYoungGen      total 310272K, used 293376K [0x00000000eab00000, 0x00000000feb80000, 0x0000000100000000)
  eden space 293376K, 100% used [0x00000000eab00000,0x00000000fc980000,0x00000000fc980000)
  from space 16896K, 0% used [0x00000000fdb00000,0x00000000fdb00000,0x00000000feb80000)
  to   space 17408K, 0% used [0x00000000fc980000,0x00000000fc980000,0x00000000fda80000)
 ParOldGen       total 97792K, used 35172K [0x00000000c0000000, 0x00000000c5f80000, 0x00000000eab00000)
  object space 97792K, 35% used [0x00000000c0000000,0x00000000c22591b0,0x00000000c5f80000)
 Metaspace       used 64669K, capacity 69182K, committed 69376K, reserved 1110016K
  class space    used 8365K, capacity 8954K, committed 8960K, reserved 1048576K
Event: 4432.763 GC heap after
Heap after GC invocations=41 (full 14):
 PSYoungGen      total 291328K, used 8941K [0x00000000eab00000, 0x00000000fdf80000, 0x0000000100000000)
  eden space 282112K, 0% used [0x00000000eab00000,0x00000000eab00000,0x00000000fbe80000)
  from space 9216K, 97% used [0x00000000fc980000,0x00000000fd23b4e8,0x00000000fd280000)
  to   space 13312K, 0% used [0x00000000fd280000,0x00000000fd280000,0x00000000fdf80000)
 ParOldGen       total 97792K, used 35180K [0x00000000c0000000, 0x00000000c5f80000, 0x00000000eab00000)
  object space 97792K, 35% used [0x00000000c0000000,0x00000000c225b1b0,0x00000000c5f80000)
 Metaspace       used 64669K, capacity 69182K, committed 69376K, reserved 1110016K
  class space    used 8365K, capacity 8954K, committed 8960K, reserved 1048576K
}

