# JRE version: Java(TM) SE Runtime Environment (8.0_60-b27) (build 1.8.0_60-b27)
# Java VM: Java HotSpot(TM) 64-Bit Server VM (25.60-b23 mixed mode windows-amd64 compressed oops)
Heap:
 PSYoungGen      total 188416K, used 123713K [0x00000000eab00000, 0x00000000f8c80000, 0x0000000100000000)
  eden space 174080K, 71% used [0x00000000eab00000,0x00000000f23d0610,0x00000000f5500000)
  from space 14336K, 0% used [0x00000000f5f00000,0x00000000f5f00000,0x00000000f6d00000)
  to   space 27136K, 0% used [0x00000000f7200000,0x00000000f7200000,0x00000000f8c80000)
 ParOldGen       total 100352K, used 51968K [0x00000000c0000000, 0x00000000c6200000, 0x00000000eab00000)
  object space 100352K, 51% used [0x00000000c0000000,0x00000000c32c00d0,0x00000000c6200000)
 Metaspace       used 61800K, capacity 64346K, committed 64640K, reserved 1105920K
  class space    used 8212K, capacity 8763K, committed 8832K, reserved 1048576K
GC Heap History (10 events):
Event: 23.283 GC heap before
{Heap before GC invocations=21 (full 3):
 PSYoungGen      total 182272K, used 172276K [0x00000000eab00000, 0x00000000f9700000, 0x0000000100000000)
  eden space 157696K, 100% used [0x00000000eab00000,0x00000000f4500000,0x00000000f4500000)
  from space 24576K, 59% used [0x00000000f4500000,0x00000000f533d268,0x00000000f5d00000)
  to   space 24576K, 0% used [0x00000000f7f00000,0x00000000f7f00000,0x00000000f9700000)
 ParOldGen       total 100352K, used 39348K [0x00000000c0000000, 0x00000000c6200000, 0x00000000eab00000)
  object space 100352K, 39% used [0x00000000c0000000,0x00000000c266d0f0,0x00000000c6200000)
 Metaspace       used 54718K, capacity 56814K, committed 57088K, reserved 1097728K
  class space    used 7402K, capacity 7892K, committed 7936K, reserved 1048576K
Event: 23.310 GC heap after
Heap after GC invocations=21 (full 3):
 PSYoungGen      total 204800K, used 24569K [0x00000000eab00000, 0x00000000f9700000, 0x0000000100000000)
  eden space 180224K, 0% used [0x00000000eab00000,0x00000000eab00000,0x00000000f5b00000)
  from space 24576K, 99% used [0x00000000f7f00000,0x00000000f96fe708,0x00000000f9700000)
  to   space 30720K, 0% used [0x00000000f5b00000,0x00000000f5b00000,0x00000000f7900000)
 ParOldGen       total 100352K, used 44437K [0x00000000c0000000, 0x00000000c6200000, 0x00000000eab00000)
  object space 100352K, 44% used [0x00000000c0000000,0x00000000c2b655e0,0x00000000c6200000)
 Metaspace       used 54718K, capacity 56814K, committed 57088K, reserved 1097728K
  class space    used 7402K, capacity 7892K, committed 7936K, reserved 1048576K
}
Event: 199.360 GC heap before
{Heap before GC invocations=22 (full 3):
 PSYoungGen      total 204800K, used 204793K [0x00000000eab00000, 0x00000000f9700000, 0x0000000100000000)
  eden space 180224K, 100% used [0x00000000eab00000,0x00000000f5b00000,0x00000000f5b00000)
  from space 24576K, 99% used [0x00000000f7f00000,0x00000000f96fe708,0x00000000f9700000)
  to   space 30720K, 0% used [0x00000000f5b00000,0x00000000f5b00000,0x00000000f7900000)
 ParOldGen       total 100352K, used 44437K [0x00000000c0000000, 0x00000000c6200000, 0x00000000eab00000)
  object space 100352K, 44% used [0x00000000c0000000,0x00000000c2b655e0,0x00000000c6200000)
 Metaspace       used 55019K, capacity 57224K, committed 57344K, reserved 1099776K
  class space    used 7424K, capacity 7915K, committed 7936K, reserved 1048576K
Event: 199.372 GC heap after
Heap after GC invocations=22 (full 3):
 PSYoungGen      total 210944K, used 10327K [0x00000000eab00000, 0x00000000fa880000, 0x0000000100000000)
  eden space 180224K, 0% used [0x00000000eab00000,0x00000000eab00000,0x00000000f5b00000)
  from space 30720K, 33% used [0x00000000f5b00000,0x00000000f6515ed0,0x00000000f7900000)
  to   space 29184K, 0% used [0x00000000f8c00000,0x00000000f8c00000,0x00000000fa880000)
 ParOldGen       total 100352K, used 44445K [0x00000000c0000000, 0x00000000c6200000, 0x00000000eab00000)
  object space 100352K, 44% used [0x00000000c0000000,0x00000000c2b675e0,0x00000000c6200000)
 Metaspace       used 55019K, capacity 57224K, committed 57344K, reserved 1099776K
  class space    used 7424K, capacity 7915K, committed 7936K, reserved 1048576K
}
Event: 205.216 GC heap before
{Heap before GC invocations=23 (full 3):
 PSYoungGen      total 210944K, used 190551K [0x00000000eab00000, 0x00000000fa880000, 0x0000000100000000)
  eden space 180224K, 100% used [0x00000000eab00000,0x00000000f5b00000,0x00000000f5b00000)
  from space 30720K, 33% used [0x00000000f5b00000,0x00000000f6515ed0,0x00000000f7900000)
  to   space 29184K, 0% used [0x00000000f8c00000,0x00000000f8c00000,0x00000000fa880000)
 ParOldGen       total 100352K, used 44445K [0x00000000c0000000, 0x00000000c6200000, 0x00000000eab00000)
  object space 100352K, 44% used [0x00000000c0000000,0x00000000c2b675e0,0x00000000c6200000)
 Metaspace       used 55675K, capacity 57898K, committed 57984K, reserved 1099776K
  class space    used 7497K, capacity 7983K, committed 8064K, reserved 1048576K
Event: 205.224 GC heap after
Heap after GC invocations=23 (full 3):
 PSYoungGen      total 183296K, used 9023K [0x00000000eab00000, 0x00000000f9500000, 0x0000000100000000)
  eden space 174080K, 0% used [0x00000000eab00000,0x00000000eab00000,0x00000000f5500000)
  from space 9216K, 97% used [0x00000000f8c00000,0x00000000f94cfe38,0x00000000f9500000)
  to   space 27648K, 0% used [0x00000000f5f00000,0x00000000f5f00000,0x00000000f7a00000)
 ParOldGen       total 100352K, used 44453K [0x00000000c0000000, 0x00000000c6200000, 0x00000000eab00000)
  object space 100352K, 44% used [0x00000000c0000000,0x00000000c2b695e0,0x00000000c6200000)
 Metaspace       used 55675K, capacity 57898K, committed 57984K, reserved 1099776K
  class space    used 7497K, capacity 7983K, committed 8064K, reserved 1048576K
}
Event: 207.862 GC heap before
{Heap before GC invocations=24 (full 3):
 PSYoungGen      total 183296K, used 137558K [0x00000000eab00000, 0x00000000f9500000, 0x0000000100000000)
  eden space 174080K, 73% used [0x00000000eab00000,0x00000000f2885a38,0x00000000f5500000)
  from space 9216K, 97% used [0x00000000f8c00000,0x00000000f94cfe38,0x00000000f9500000)
  to   space 27648K, 0% used [0x00000000f5f00000,0x00000000f5f00000,0x00000000f7a00000)
 ParOldGen       total 100352K, used 44453K [0x00000000c0000000, 0x00000000c6200000, 0x00000000eab00000)
  object space 100352K, 44% used [0x00000000c0000000,0x00000000c2b695e0,0x00000000c6200000)
 Metaspace       used 61393K, capacity 63848K, committed 64128K, reserved 1103872K
  class space    used 8178K, capacity 8712K, committed 8832K, reserved 1048576K
Event: 207.874 GC heap after
Heap after GC invocations=24 (full 3):
 PSYoungGen      total 188416K, used 13854K [0x00000000eab00000, 0x00000000f8c80000, 0x0000000100000000)
  eden space 174080K, 0% used [0x00000000eab00000,0x00000000eab00000,0x00000000f5500000)
  from space 14336K, 96% used [0x00000000f5f00000,0x00000000f6c878a0,0x00000000f6d00000)
  to   space 27136K, 0% used [0x00000000f7200000,0x00000000f7200000,0x00000000f8c80000)
 ParOldGen       total 100352K, used 44461K [0x00000000c0000000, 0x00000000c6200000, 0x00000000eab00000)
  object space 100352K, 44% used [0x00000000c0000000,0x00000000c2b6b5e0,0x00000000c6200000)
 Metaspace       used 61393K, capacity 63848K, committed 64128K, reserved 1103872K
  class space    used 8178K, capacity 8712K, committed 8832K, reserved 1048576K
}
Event: 207.874 GC heap before
{Heap before GC invocations=25 (full 4):
 PSYoungGen      total 188416K, used 13854K [0x00000000eab00000, 0x00000000f8c80000, 0x0000000100000000)
  eden space 174080K, 0% used [0x00000000eab00000,0x00000000eab00000,0x00000000f5500000)
  from space 14336K, 96% used [0x00000000f5f00000,0x00000000f6c878a0,0x00000000f6d00000)
  to   space 27136K, 0% used [0x00000000f7200000,0x00000000f7200000,0x00000000f8c80000)
 ParOldGen       total 100352K, used 44461K [0x00000000c0000000, 0x00000000c6200000, 0x00000000eab00000)
  object space 100352K, 44% used [0x00000000c0000000,0x00000000c2b6b5e0,0x00000000c6200000)
 Metaspace       used 61393K, capacity 63848K, committed 64128K, reserved 1103872K
  class space    used 8178K, capacity 8712K, committed 8832K, reserved 1048576K
Event: 208.243 GC heap after
Heap after GC invocations=25 (full 4):
 PSYoungGen      total 188416K, used 0K [0x00000000eab00000, 0x00000000f8c80000, 0x0000000100000000)
  eden space 174080K, 0% used [0x00000000eab00000,0x00000000eab00000,0x00000000f5500000)
  from space 14336K, 0% used [0x00000000f5f00000,0x00000000f5f00000,0x00000000f6d00000)
  to   space 27136K, 0% used [0x00000000f7200000,0x00000000f7200000,0x00000000f8c80000)
 ParOldGen       total 100352K, used 51968K [0x00000000c0000000, 0x00000000c6200000, 0x00000000eab00000)
  object space 100352K, 51% used [0x00000000c0000000,0x00000000c32c00d0,0x00000000c6200000)
 Metaspace       used 61340K, capacity 63672K, committed 64128K, reserved 1103872K
  class space    used 8162K, capacity 8696K, committed 8832K, reserved 1048576K
}

